<?xml version="1.0" encoding="UTF-8"?>
<!-- Generated by org.testng.reporters.JUnitReportReporter -->
<testsuite hostname="MKOKANE10A" failures="0" tests="2" name="com.app.qa.testcases.LoginPageTest" time="56.182" errors="0" timestamp="2024-08-17T18:44:27 IST" skipped="0">
  <testcase classname="com.app.qa.testcases.LoginPageTest" name="loginpagetitletest" time="20.309"/>
  <testcase classname="com.app.qa.testcases.LoginPageTest" name="loginTest" time="35.873"/>
</testsuite> <!-- com.app.qa.testcases.LoginPageTest -->
