<?xml version="1.0" encoding="UTF-8"?>
<!-- Generated by org.testng.reporters.JUnitReportReporter -->
<testsuite hostname="MKOKANE10A" failures="0" tests="8" name="com.app.qa.testcases.HomePageTest" time="314.776" errors="0" timestamp="2024-08-17T18:44:27 IST" skipped="0">
  <testcase classname="com.app.qa.testcases.HomePageTest" name="verifyInboundPageLable" time="43.240"/>
  <testcase classname="com.app.qa.testcases.HomePageTest" name="verifyInventoryMaintainancePageLable" time="36.035"/>
  <testcase classname="com.app.qa.testcases.HomePageTest" name="verifySelfserviceReportingPageLable" time="66.545"/>
  <testcase classname="com.app.qa.testcases.HomePageTest" name="verifyOutboundPageLable" time="40.844"/>
  <testcase classname="com.app.qa.testcases.HomePageTest" name="verifyUsersandGroupsPageLable" time="36.122"/>
  <testcase classname="com.app.qa.testcases.HomePageTest" name="verifyUtilitiesPageLable" time="36.566"/>
  <testcase classname="com.app.qa.testcases.HomePageTest" name="verifytitlepageTest" time="17.513"/>
  <testcase classname="com.app.qa.testcases.HomePageTest" name="clickVerifyFavoritesPageLable" time="37.911"/>
</testsuite> <!-- com.app.qa.testcases.HomePageTest -->
