<?xml version="1.0" encoding="UTF-8"?>
<!-- Generated by org.testng.reporters.JUnitReportReporter -->
<testsuite hostname="MKOKANE10A" failures="0" tests="1" name="com.app.qa.testcases.InboundPageTest" time="42.608" errors="0" timestamp="2024-08-17T18:44:27 IST" skipped="0">
  <testcase classname="com.app.qa.testcases.InboundPageTest" name="VerifyView_All_Putaway_Orders_Utility" time="42.608"/>
</testsuite> <!-- com.app.qa.testcases.InboundPageTest -->
