<?xml version="1.0" encoding="UTF-8"?>
<!-- Generated by org.testng.reporters.JUnitReportReporter -->
<testsuite hostname="MKOKANE10A" failures="0" tests="2" name="com.app.qa.testcases.UsersandGroupsPageTest" time="39.115" errors="0" timestamp="2024-08-17T18:44:27 IST" skipped="1">
  <testcase classname="com.app.qa.testcases.UsersandGroupsPageTest" name="VerifyView_All_Users_Utility" time="39.115"/>
  <testcase classname="com.app.qa.testcases.UsersandGroupsPageTest" name="VerifyView_All_Groups_Utility">
    <skipped/>
  </testcase> <!-- VerifyView_All_Groups_Utility -->
</testsuite> <!-- com.app.qa.testcases.UsersandGroupsPageTest -->
