<?xml version="1.0" encoding="UTF-8"?>
<!-- Generated by org.testng.reporters.JUnitReportReporter -->
<testsuite hostname="MKOKANE10A" failures="0" tests="9" name="com.app.qa.testcases.UtilitiesPageTest" time="468.164" errors="0" timestamp="2024-08-17T18:44:27 IST" skipped="0">
  <testcase classname="com.app.qa.testcases.UtilitiesPageTest" name="VerifyReason_Configuration_Utility" time="43.974"/>
  <testcase classname="com.app.qa.testcases.UtilitiesPageTest" name="VerifyContainer_Lookup_Utility" time="54.671"/>
  <testcase classname="com.app.qa.testcases.UtilitiesPageTest" name="VerifyInterface_Import_Transaction_Utility" time="53.991"/>
  <testcase classname="com.app.qa.testcases.UtilitiesPageTest" name="VerifyView_All_Machines_Utility" time="59.560"/>
  <testcase classname="com.app.qa.testcases.UtilitiesPageTest" name="VerifyJackpot_Lookup_Utility" time="50.831"/>
  <testcase classname="com.app.qa.testcases.UtilitiesPageTest" name="VerifyExacta_Print_Utility_Utility" time="46.822"/>
  <testcase classname="com.app.qa.testcases.UtilitiesPageTest" name="VerifyInterface_Export_Transaction_Utility" time="48.379"/>
  <testcase classname="com.app.qa.testcases.UtilitiesPageTest" name="VerifySort_Code_Configuration_Utility" time="49.138"/>
  <testcase classname="com.app.qa.testcases.UtilitiesPageTest" name="VerifyExacta_Journal_View_Utility" time="60.798"/>
</testsuite> <!-- com.app.qa.testcases.UtilitiesPageTest -->
