<?xml version="1.0" encoding="UTF-8"?>
<!-- Generated by org.testng.reporters.JUnitReportReporter -->
<testsuite hostname="MKOKANE10A" failures="0" tests="5" name="com.app.qa.testcases.InventoryMaintenancePageTest" time="248.648" errors="0" timestamp="2024-08-17T18:44:27 IST" skipped="0">
  <testcase classname="com.app.qa.testcases.InventoryMaintenancePageTest" name="VerifyView_All_Cycle_Counts_Utility" time="44.163"/>
  <testcase classname="com.app.qa.testcases.InventoryMaintenancePageTest" name="VerifyView_Inventory_by_Loc_Utility" time="70.520"/>
  <testcase classname="com.app.qa.testcases.InventoryMaintenancePageTest" name="VerifyView_All_Containers_Utility" time="60.521"/>
  <testcase classname="com.app.qa.testcases.InventoryMaintenancePageTest" name="VerifyView_Inventory_by_Loc_Prod_and_Lot_Utility" time="36.388"/>
  <testcase classname="com.app.qa.testcases.InventoryMaintenancePageTest" name="VerifyView_All_Products_Utility" time="37.056"/>
</testsuite> <!-- com.app.qa.testcases.InventoryMaintenancePageTest -->
