<?xml version="1.0" encoding="UTF-8"?>
<!-- Generated by org.testng.reporters.JUnitReportReporter -->
<testsuite hostname="MKOKANE10A" failures="0" tests="5" name="com.app.qa.testcases.InventoryMaintenancePageTest" time="240.215" errors="0" timestamp="2024-08-17T19:10:20 IST" skipped="0">
  <testcase classname="com.app.qa.testcases.InventoryMaintenancePageTest" name="VerifyView_Inventory_by_Loc_Prod_and_Lot_Utility" time="48.366"/>
  <testcase classname="com.app.qa.testcases.InventoryMaintenancePageTest" name="VerifyView_All_Containers_Utility" time="49.011"/>
  <testcase classname="com.app.qa.testcases.InventoryMaintenancePageTest" name="VerifyView_Inventory_by_Loc_Utility" time="48.342"/>
  <testcase classname="com.app.qa.testcases.InventoryMaintenancePageTest" name="VerifyView_All_Cycle_Counts_Utility" time="42.872"/>
  <testcase classname="com.app.qa.testcases.InventoryMaintenancePageTest" name="VerifyView_All_Products_Utility" time="51.624"/>
</testsuite> <!-- com.app.qa.testcases.InventoryMaintenancePageTest -->
