<?xml version="1.0" encoding="UTF-8"?>
<!-- Generated by org.testng.reporters.JUnitReportReporter -->
<testsuite hostname="MKOKANE10A" failures="0" tests="9" name="com.app.qa.testcases.UtilitiesPageTest" time="413.948" errors="0" timestamp="2024-08-17T19:10:20 IST" skipped="0">
  <testcase classname="com.app.qa.testcases.UtilitiesPageTest" name="VerifyJackpot_Lookup_Utility" time="60.758"/>
  <testcase classname="com.app.qa.testcases.UtilitiesPageTest" name="VerifyReason_Configuration_Utility" time="45.012"/>
  <testcase classname="com.app.qa.testcases.UtilitiesPageTest" name="VerifyExacta_Print_Utility_Utility" time="39.380"/>
  <testcase classname="com.app.qa.testcases.UtilitiesPageTest" name="VerifyInterface_Export_Transaction_Utility" time="35.735"/>
  <testcase classname="com.app.qa.testcases.UtilitiesPageTest" name="VerifyView_All_Machines_Utility" time="46.806"/>
  <testcase classname="com.app.qa.testcases.UtilitiesPageTest" name="VerifyInterface_Import_Transaction_Utility" time="51.840"/>
  <testcase classname="com.app.qa.testcases.UtilitiesPageTest" name="VerifyExacta_Journal_View_Utility" time="51.975"/>
  <testcase classname="com.app.qa.testcases.UtilitiesPageTest" name="VerifySort_Code_Configuration_Utility" time="41.317"/>
  <testcase classname="com.app.qa.testcases.UtilitiesPageTest" name="VerifyContainer_Lookup_Utility" time="41.125"/>
</testsuite> <!-- com.app.qa.testcases.UtilitiesPageTest -->
