<?xml version="1.0" encoding="UTF-8"?>
<!-- Generated by org.testng.reporters.JUnitReportReporter -->
<testsuite hostname="MKOKANE10A" failures="0" tests="2" name="com.app.qa.testcases.LoginPageTest" time="24.681" errors="0" timestamp="2024-08-17T19:10:20 IST" skipped="0">
  <testcase classname="com.app.qa.testcases.LoginPageTest" name="loginpagetitletest" time="8.869"/>
  <testcase classname="com.app.qa.testcases.LoginPageTest" name="loginTest" time="15.812"/>
</testsuite> <!-- com.app.qa.testcases.LoginPageTest -->
