<?xml version="1.0" encoding="UTF-8"?>
<!-- Generated by org.testng.reporters.JUnitReportReporter -->
<testsuite hostname="MKOKANE10A" failures="0" tests="1" name="com.app.qa.testcases.InboundPageTest" time="34.798" errors="0" timestamp="2024-08-17T19:10:20 IST" skipped="0">
  <testcase classname="com.app.qa.testcases.InboundPageTest" name="VerifyView_All_Putaway_Orders_Utility" time="34.798"/>
</testsuite> <!-- com.app.qa.testcases.InboundPageTest -->
