<?xml version="1.0" encoding="UTF-8"?>
<!-- Generated by org.testng.reporters.JUnitReportReporter -->
<testsuite hostname="MKOKANE10A" failures="0" tests="8" name="com.app.qa.testcases.HomePageTest" time="354.196" errors="0" timestamp="2024-08-17T19:10:20 IST" skipped="0">
  <testcase classname="com.app.qa.testcases.HomePageTest" name="verifySelfserviceReportingPageLable" time="51.646"/>
  <testcase classname="com.app.qa.testcases.HomePageTest" name="verifyInboundPageLable" time="48.396"/>
  <testcase classname="com.app.qa.testcases.HomePageTest" name="verifyInventoryMaintainancePageLable" time="55.611"/>
  <testcase classname="com.app.qa.testcases.HomePageTest" name="verifyUsersandGroupsPageLable" time="50.253"/>
  <testcase classname="com.app.qa.testcases.HomePageTest" name="verifyOutboundPageLable" time="45.375"/>
  <testcase classname="com.app.qa.testcases.HomePageTest" name="verifytitlepageTest" time="11.663"/>
  <testcase classname="com.app.qa.testcases.HomePageTest" name="clickVerifyFavoritesPageLable" time="48.422"/>
  <testcase classname="com.app.qa.testcases.HomePageTest" name="verifyUtilitiesPageLable" time="42.830"/>
</testsuite> <!-- com.app.qa.testcases.HomePageTest -->
